{"/home/gabriel/Documentos/Desenvolvimento/projeto21-singmeasong/back-end/src/database.ts": {"path":"/home/gabriel/Documentos/Desenvolvimento/projeto21-singmeasong/back-end/src/database.ts","statementMap":{"0":{"start":{"line":3,"column":25},"end":{"line":3,"column":28}},"1":{"start":{"line":4,"column":22},"end":{"line":4,"column":40}}},"fnMap":{},"branchMap":{},"s":{"0":1,"1":1},"f":{},"b":{}}
,"/home/gabriel/Documentos/Desenvolvimento/projeto21-singmeasong/back-end/src/repositories/recommendationRepository.ts": {"path":"/home/gabriel/Documentos/Desenvolvimento/projeto21-singmeasong/back-end/src/repositories/recommendationRepository.ts","statementMap":{"0":{"start":{"line":6,"column":2},"end":{"line":8,"column":5}},"1":{"start":{"line":17,"column":17},"end":{"line":17,"column":47}},"2":{"start":{"line":18,"column":2},"end":{"line":22,"column":5}},"3":{"start":{"line":26,"column":2},"end":{"line":29,"column":5}},"4":{"start":{"line":35,"column":2},"end":{"line":35,"column":31}},"5":{"start":{"line":35,"column":21},"end":{"line":35,"column":31}},"6":{"start":{"line":36,"column":33},"end":{"line":36,"column":45}},"7":{"start":{"line":37,"column":2},"end":{"line":39,"column":4}},"8":{"start":{"line":43,"column":2},"end":{"line":45,"column":5}},"9":{"start":{"line":49,"column":2},"end":{"line":51,"column":5}},"10":{"start":{"line":55,"column":2},"end":{"line":60,"column":5}},"11":{"start":{"line":64,"column":2},"end":{"line":66,"column":5}},"12":{"start":{"line":69,"column":40},"end":{"line":77,"column":2}}},"fnMap":{"0":{"name":"create","decl":{"start":{"line":5,"column":15},"end":{"line":5,"column":21}},"loc":{"start":{"line":5,"column":72},"end":{"line":9,"column":null}}},"1":{"name":"findAll","decl":{"start":{"line":16,"column":9},"end":{"line":16,"column":16}},"loc":{"start":{"line":16,"column":44},"end":{"line":23,"column":1}}},"2":{"name":"getAmountByScore","decl":{"start":{"line":25,"column":9},"end":{"line":25,"column":25}},"loc":{"start":{"line":25,"column":38},"end":{"line":30,"column":1}}},"3":{"name":"getFindAllFilter","decl":{"start":{"line":32,"column":9},"end":{"line":32,"column":25}},"loc":{"start":{"line":33,"column":29},"end":{"line":40,"column":1}}},"4":{"name":"find","decl":{"start":{"line":42,"column":9},"end":{"line":42,"column":13}},"loc":{"start":{"line":42,"column":24},"end":{"line":46,"column":1}}},"5":{"name":"findByName","decl":{"start":{"line":48,"column":9},"end":{"line":48,"column":19}},"loc":{"start":{"line":48,"column":32},"end":{"line":52,"column":1}}},"6":{"name":"updateScore","decl":{"start":{"line":54,"column":15},"end":{"line":54,"column":26}},"loc":{"start":{"line":54,"column":75},"end":{"line":61,"column":null}}},"7":{"name":"remove","decl":{"start":{"line":63,"column":15},"end":{"line":63,"column":21}},"loc":{"start":{"line":63,"column":32},"end":{"line":67,"column":null}}}},"branchMap":{"0":{"loc":{"start":{"line":35,"column":2},"end":{"line":35,"column":31}},"type":"if","locations":[{"start":{"line":35,"column":2},"end":{"line":35,"column":31}}]}},"s":{"0":0,"1":0,"2":0,"3":0,"4":0,"5":0,"6":0,"7":0,"8":0,"9":0,"10":0,"11":0,"12":1},"f":{"0":0,"1":0,"2":0,"3":0,"4":0,"5":0,"6":0,"7":0},"b":{"0":[0]}}
,"/home/gabriel/Documentos/Desenvolvimento/projeto21-singmeasong/back-end/src/services/recommendationsService.ts": {"path":"/home/gabriel/Documentos/Desenvolvimento/projeto21-singmeasong/back-end/src/services/recommendationsService.ts","statementMap":{"0":{"start":{"line":8,"column":33},"end":{"line":9,"column":null}},"1":{"start":{"line":11,"column":2},"end":{"line":12,"column":64}},"2":{"start":{"line":12,"column":4},"end":{"line":12,"column":64}},"3":{"start":{"line":14,"column":2},"end":{"line":14,"column":66}},"4":{"start":{"line":18,"column":2},"end":{"line":18,"column":26}},"5":{"start":{"line":19,"column":2},"end":{"line":19,"column":62}},"6":{"start":{"line":23,"column":2},"end":{"line":23,"column":26}},"7":{"start":{"line":24,"column":32},"end":{"line":26,"column":null}},"8":{"start":{"line":28,"column":2},"end":{"line":30,"column":null}},"9":{"start":{"line":29,"column":4},"end":{"line":29,"column":46}},"10":{"start":{"line":34,"column":25},"end":{"line":34,"column":64}},"11":{"start":{"line":35,"column":2},"end":{"line":35,"column":45}},"12":{"start":{"line":35,"column":23},"end":{"line":35,"column":45}},"13":{"start":{"line":37,"column":2},"end":{"line":37,"column":24}},"14":{"start":{"line":41,"column":2},"end":{"line":41,"column":44}},"15":{"start":{"line":45,"column":2},"end":{"line":45,"column":59}},"16":{"start":{"line":49,"column":17},"end":{"line":49,"column":30}},"17":{"start":{"line":50,"column":22},"end":{"line":50,"column":44}},"18":{"start":{"line":51,"column":26},"end":{"line":51,"column":55}},"19":{"start":{"line":52,"column":2},"end":{"line":54,"column":null}},"20":{"start":{"line":53,"column":4},"end":{"line":53,"column":26}},"21":{"start":{"line":55,"column":22},"end":{"line":55,"column":72}},"22":{"start":{"line":56,"column":2},"end":{"line":56,"column":38}},"23":{"start":{"line":60,"column":26},"end":{"line":63,"column":4}},"24":{"start":{"line":64,"column":2},"end":{"line":66,"column":null}},"25":{"start":{"line":65,"column":4},"end":{"line":65,"column":27}},"26":{"start":{"line":67,"column":2},"end":{"line":67,"column":44}},"27":{"start":{"line":71,"column":2},"end":{"line":73,"column":null}},"28":{"start":{"line":72,"column":4},"end":{"line":72,"column":16}},"29":{"start":{"line":74,"column":2},"end":{"line":74,"column":15}},"30":{"start":{"line":77,"column":37},"end":{"line":85,"column":2}}},"fnMap":{"0":{"name":"insert","decl":{"start":{"line":7,"column":15},"end":{"line":7,"column":21}},"loc":{"start":{"line":7,"column":72},"end":{"line":15,"column":null}}},"1":{"name":"upvote","decl":{"start":{"line":17,"column":15},"end":{"line":17,"column":21}},"loc":{"start":{"line":17,"column":32},"end":{"line":20,"column":null}}},"2":{"name":"downvote","decl":{"start":{"line":22,"column":15},"end":{"line":22,"column":23}},"loc":{"start":{"line":22,"column":34},"end":{"line":31,"column":null}}},"3":{"name":"getByIdOrFail","decl":{"start":{"line":33,"column":15},"end":{"line":33,"column":28}},"loc":{"start":{"line":33,"column":39},"end":{"line":38,"column":null}}},"4":{"name":"get","decl":{"start":{"line":40,"column":15},"end":{"line":40,"column":18}},"loc":{"start":{"line":40,"column":18},"end":{"line":42,"column":null}}},"5":{"name":"getTop","decl":{"start":{"line":44,"column":15},"end":{"line":44,"column":21}},"loc":{"start":{"line":44,"column":36},"end":{"line":46,"column":null}}},"6":{"name":"getRandom","decl":{"start":{"line":48,"column":15},"end":{"line":48,"column":24}},"loc":{"start":{"line":48,"column":24},"end":{"line":57,"column":null}}},"7":{"name":"getByScore","decl":{"start":{"line":59,"column":15},"end":{"line":59,"column":25}},"loc":{"start":{"line":59,"column":51},"end":{"line":68,"column":null}}},"8":{"name":"getScoreFilter","decl":{"start":{"line":70,"column":9},"end":{"line":70,"column":23}},"loc":{"start":{"line":70,"column":38},"end":{"line":75,"column":1}}}},"branchMap":{"0":{"loc":{"start":{"line":11,"column":2},"end":{"line":12,"column":64}},"type":"if","locations":[{"start":{"line":11,"column":2},"end":{"line":12,"column":64}}]},"1":{"loc":{"start":{"line":28,"column":2},"end":{"line":30,"column":null}},"type":"if","locations":[{"start":{"line":28,"column":2},"end":{"line":30,"column":null}}]},"2":{"loc":{"start":{"line":35,"column":2},"end":{"line":35,"column":45}},"type":"if","locations":[{"start":{"line":35,"column":2},"end":{"line":35,"column":45}}]},"3":{"loc":{"start":{"line":52,"column":2},"end":{"line":54,"column":null}},"type":"if","locations":[{"start":{"line":52,"column":2},"end":{"line":54,"column":null}}]},"4":{"loc":{"start":{"line":64,"column":2},"end":{"line":66,"column":null}},"type":"if","locations":[{"start":{"line":64,"column":2},"end":{"line":66,"column":null}}]},"5":{"loc":{"start":{"line":71,"column":2},"end":{"line":73,"column":null}},"type":"if","locations":[{"start":{"line":71,"column":2},"end":{"line":73,"column":null}}]}},"s":{"0":2,"1":2,"2":1,"3":1,"4":2,"5":1,"6":3,"7":2,"8":2,"9":1,"10":5,"11":5,"12":2,"13":3,"14":1,"15":1,"16":4,"17":4,"18":4,"19":4,"20":1,"21":3,"22":3,"23":4,"24":4,"25":2,"26":2,"27":4,"28":1,"29":3,"30":1},"f":{"0":2,"1":2,"2":3,"3":5,"4":1,"5":1,"6":4,"7":4,"8":4},"b":{"0":[1],"1":[1],"2":[2],"3":[1],"4":[2],"5":[1]}}
,"/home/gabriel/Documentos/Desenvolvimento/projeto21-singmeasong/back-end/src/utils/errorUtils.ts": {"path":"/home/gabriel/Documentos/Desenvolvimento/projeto21-singmeasong/back-end/src/utils/errorUtils.ts","statementMap":{"0":{"start":{"line":8,"column":2},"end":{"line":8,"column":48}},"1":{"start":{"line":12,"column":2},"end":{"line":12,"column":38}},"2":{"start":{"line":12,"column":27},"end":{"line":12,"column":38}},"3":{"start":{"line":13,"column":2},"end":{"line":13,"column":39}},"4":{"start":{"line":13,"column":28},"end":{"line":13,"column":39}},"5":{"start":{"line":14,"column":2},"end":{"line":14,"column":42}},"6":{"start":{"line":14,"column":31},"end":{"line":14,"column":42}},"7":{"start":{"line":15,"column":2},"end":{"line":15,"column":42}},"8":{"start":{"line":15,"column":31},"end":{"line":15,"column":42}},"9":{"start":{"line":16,"column":2},"end":{"line":16,"column":13}},"10":{"start":{"line":20,"column":2},"end":{"line":20,"column":54}},"11":{"start":{"line":24,"column":2},"end":{"line":24,"column":55}},"12":{"start":{"line":28,"column":2},"end":{"line":28,"column":58}},"13":{"start":{"line":32,"column":2},"end":{"line":32,"column":58}}},"fnMap":{"0":{"name":"isAppError","decl":{"start":{"line":7,"column":16},"end":{"line":7,"column":26}},"loc":{"start":{"line":7,"column":40},"end":{"line":9,"column":1}}},"1":{"name":"errorTypeToStatusCode","decl":{"start":{"line":11,"column":16},"end":{"line":11,"column":37}},"loc":{"start":{"line":11,"column":57},"end":{"line":17,"column":1}}},"2":{"name":"conflictError","decl":{"start":{"line":19,"column":16},"end":{"line":19,"column":29}},"loc":{"start":{"line":19,"column":46},"end":{"line":21,"column":1}}},"3":{"name":"notFoundError","decl":{"start":{"line":23,"column":16},"end":{"line":23,"column":29}},"loc":{"start":{"line":23,"column":46},"end":{"line":25,"column":1}}},"4":{"name":"unauthorizedError","decl":{"start":{"line":27,"column":16},"end":{"line":27,"column":33}},"loc":{"start":{"line":27,"column":50},"end":{"line":29,"column":1}}},"5":{"name":"wrongSchemaError","decl":{"start":{"line":31,"column":16},"end":{"line":31,"column":32}},"loc":{"start":{"line":31,"column":49},"end":{"line":33,"column":1}}}},"branchMap":{"0":{"loc":{"start":{"line":12,"column":2},"end":{"line":12,"column":38}},"type":"if","locations":[{"start":{"line":12,"column":2},"end":{"line":12,"column":38}}]},"1":{"loc":{"start":{"line":13,"column":2},"end":{"line":13,"column":39}},"type":"if","locations":[{"start":{"line":13,"column":2},"end":{"line":13,"column":39}}]},"2":{"loc":{"start":{"line":14,"column":2},"end":{"line":14,"column":42}},"type":"if","locations":[{"start":{"line":14,"column":2},"end":{"line":14,"column":42}}]},"3":{"loc":{"start":{"line":15,"column":2},"end":{"line":15,"column":42}},"type":"if","locations":[{"start":{"line":15,"column":2},"end":{"line":15,"column":42}}]},"4":{"loc":{"start":{"line":20,"column":38},"end":{"line":20,"column":51}},"type":"cond-expr","locations":[{"start":{"line":20,"column":38},"end":{"line":20,"column":45}},{"start":{"line":20,"column":49},"end":{"line":20,"column":51}}]},"5":{"loc":{"start":{"line":20,"column":38},"end":{"line":20,"column":49}},"type":"binary-expr","locations":[{"start":{"line":20,"column":38},"end":{"line":20,"column":49}},{"start":{"line":20,"column":38},"end":{"line":20,"column":49}}]},"6":{"loc":{"start":{"line":24,"column":39},"end":{"line":24,"column":52}},"type":"cond-expr","locations":[{"start":{"line":24,"column":39},"end":{"line":24,"column":46}},{"start":{"line":24,"column":50},"end":{"line":24,"column":52}}]},"7":{"loc":{"start":{"line":24,"column":39},"end":{"line":24,"column":50}},"type":"binary-expr","locations":[{"start":{"line":24,"column":39},"end":{"line":24,"column":50}},{"start":{"line":24,"column":39},"end":{"line":24,"column":50}}]},"8":{"loc":{"start":{"line":28,"column":42},"end":{"line":28,"column":55}},"type":"cond-expr","locations":[{"start":{"line":28,"column":42},"end":{"line":28,"column":49}},{"start":{"line":28,"column":53},"end":{"line":28,"column":55}}]},"9":{"loc":{"start":{"line":28,"column":42},"end":{"line":28,"column":53}},"type":"binary-expr","locations":[{"start":{"line":28,"column":42},"end":{"line":28,"column":53}},{"start":{"line":28,"column":42},"end":{"line":28,"column":53}}]},"10":{"loc":{"start":{"line":32,"column":42},"end":{"line":32,"column":55}},"type":"cond-expr","locations":[{"start":{"line":32,"column":42},"end":{"line":32,"column":49}},{"start":{"line":32,"column":53},"end":{"line":32,"column":55}}]},"11":{"loc":{"start":{"line":32,"column":42},"end":{"line":32,"column":53}},"type":"binary-expr","locations":[{"start":{"line":32,"column":42},"end":{"line":32,"column":53}},{"start":{"line":32,"column":42},"end":{"line":32,"column":53}}]}},"s":{"0":0,"1":0,"2":0,"3":0,"4":0,"5":0,"6":0,"7":0,"8":0,"9":0,"10":1,"11":3,"12":0,"13":0},"f":{"0":0,"1":0,"2":1,"3":3,"4":0,"5":0},"b":{"0":[0],"1":[0],"2":[0],"3":[0],"4":[1,0],"5":[1,1],"6":[0,3],"7":[3,3],"8":[0,0],"9":[0,0],"10":[0,0],"11":[0,0]}}
,"/home/gabriel/Documentos/Desenvolvimento/projeto21-singmeasong/back-end/tests/factories/recommendationFactory.ts": {"path":"/home/gabriel/Documentos/Desenvolvimento/projeto21-singmeasong/back-end/tests/factories/recommendationFactory.ts","statementMap":{"0":{"start":{"line":4,"column":4},"end":{"line":7,"column":null}},"1":{"start":{"line":11,"column":4},"end":{"line":16,"column":null}}},"fnMap":{"0":{"name":"recommendationInput","decl":{"start":{"line":3,"column":16},"end":{"line":3,"column":35}},"loc":{"start":{"line":3,"column":35},"end":{"line":8,"column":1}}},"1":{"name":"recommendationData","decl":{"start":{"line":10,"column":16},"end":{"line":10,"column":34}},"loc":{"start":{"line":10,"column":34},"end":{"line":17,"column":1}}}},"branchMap":{},"s":{"0":8,"1":4},"f":{"0":8,"1":4},"b":{}}
}
