TN:
SF:src/database.ts
FNF:0
FNH:0
DA:3,1
DA:4,1
LF:2
LH:2
BRF:0
BRH:0
end_of_record
TN:
SF:src/repositories/recommendationRepository.ts
FN:5,create
FN:16,findAll
FN:25,getAmountByScore
FN:32,getFindAllFilter
FN:42,find
FN:48,findByName
FN:54,updateScore
FN:63,remove
FNF:8
FNH:0
FNDA:0,create
FNDA:0,findAll
FNDA:0,getAmountByScore
FNDA:0,getFindAllFilter
FNDA:0,find
FNDA:0,findByName
FNDA:0,updateScore
FNDA:0,remove
DA:6,0
DA:17,0
DA:18,0
DA:26,0
DA:35,0
DA:36,0
DA:37,0
DA:43,0
DA:49,0
DA:55,0
DA:64,0
DA:69,1
LF:12
LH:1
BRDA:35,0,0,0
BRF:1
BRH:0
end_of_record
TN:
SF:src/services/recommendationsService.ts
FN:7,insert
FN:17,upvote
FN:22,downvote
FN:33,getByIdOrFail
FN:40,get
FN:44,getTop
FN:48,getRandom
FN:59,getByScore
FN:70,getScoreFilter
FNF:9
FNH:9
FNDA:2,insert
FNDA:2,upvote
FNDA:3,downvote
FNDA:5,getByIdOrFail
FNDA:1,get
FNDA:1,getTop
FNDA:4,getRandom
FNDA:4,getByScore
FNDA:4,getScoreFilter
DA:8,2
DA:11,2
DA:12,1
DA:14,1
DA:18,2
DA:19,1
DA:23,3
DA:24,2
DA:28,2
DA:29,1
DA:34,5
DA:35,5
DA:37,3
DA:41,1
DA:45,1
DA:49,4
DA:50,4
DA:51,4
DA:52,4
DA:53,1
DA:55,3
DA:56,3
DA:60,4
DA:64,4
DA:65,2
DA:67,2
DA:71,4
DA:72,1
DA:74,3
DA:77,1
LF:30
LH:30
BRDA:11,0,0,1
BRDA:28,1,0,1
BRDA:35,2,0,2
BRDA:52,3,0,1
BRDA:64,4,0,2
BRDA:71,5,0,1
BRF:6
BRH:6
end_of_record
TN:
SF:src/utils/errorUtils.ts
FN:7,isAppError
FN:11,errorTypeToStatusCode
FN:19,conflictError
FN:23,notFoundError
FN:27,unauthorizedError
FN:31,wrongSchemaError
FNF:6
FNH:2
FNDA:0,isAppError
FNDA:0,errorTypeToStatusCode
FNDA:1,conflictError
FNDA:3,notFoundError
FNDA:0,unauthorizedError
FNDA:0,wrongSchemaError
DA:8,0
DA:12,0
DA:13,0
DA:14,0
DA:15,0
DA:16,0
DA:20,1
DA:24,3
DA:28,0
DA:32,0
LF:10
LH:2
BRDA:12,0,0,0
BRDA:13,1,0,0
BRDA:14,2,0,0
BRDA:15,3,0,0
BRDA:20,4,0,1
BRDA:20,4,1,0
BRDA:20,5,0,1
BRDA:20,5,1,1
BRDA:24,6,0,0
BRDA:24,6,1,3
BRDA:24,7,0,3
BRDA:24,7,1,3
BRDA:28,8,0,0
BRDA:28,8,1,0
BRDA:28,9,0,0
BRDA:28,9,1,0
BRDA:32,10,0,0
BRDA:32,10,1,0
BRDA:32,11,0,0
BRDA:32,11,1,0
BRF:20
BRH:6
end_of_record
TN:
SF:tests/factories/recommendationFactory.ts
FN:3,recommendationInput
FNF:1
FNH:1
FNDA:12,recommendationInput
DA:4,12
LF:1
LH:1
BRF:0
BRH:0
end_of_record
